<?xml version="1.0" encoding="UTF-8"?>
<!-- Generated by org.testng.reporters.JUnitXMLReporter -->
<testsuite hostname="DESKTOP-KERRSTN" ignored="0" name="Test" tests="29" failures="0" timestamp="13 May 2019 20:14:56 GMT" time="92.634" errors="0">
  <testcase name="@BeforeTest beforeTest" time="43.524" classname="com.apex.testng.my_selenium_testng_tests.GmailLoginAccount">
    <failure type="org.openqa.selenium.SessionNotCreatedException" message="session not created: Chrome version must be between 70 and 73
  (Driver info: chromedriver=73.0.3683.68 (47787ec04b6e38e22703e856e101e840b65afe72),platform=Windows NT 10.0.17763 x86_64) (WARNING: The server did not provide any stacktrace information)
Command duration or timeout: 24.85 seconds
Build info: version: &amp;apos;2.53.0&amp;apos;, revision: &amp;apos;35ae25b1534ae328c771e0856c93e187490ca824&amp;apos;, time: &amp;apos;2016-03-15 10:43:46&amp;apos;
System info: host: &amp;apos;DESKTOP-KERRSTN&amp;apos;, ip: &amp;apos;10.1.10.242&amp;apos;, os.name: &amp;apos;Windows 10&amp;apos;, os.arch: &amp;apos;x86&amp;apos;, os.version: &amp;apos;10.0&amp;apos;, java.version: &amp;apos;1.8.0_201&amp;apos;
Driver info: org.openqa.selenium.chrome.ChromeDriver">
      <![CDATA[org.openqa.selenium.SessionNotCreatedException: session not created: Chrome version must be between 70 and 73
  (Driver info: chromedriver=73.0.3683.68 (47787ec04b6e38e22703e856e101e840b65afe72),platform=Windows NT 10.0.17763 x86_64) (WARNING: The server did not provide any stacktrace information)
Command duration or timeout: 24.85 seconds
Build info: version: '2.53.0', revision: '35ae25b1534ae328c771e0856c93e187490ca824', time: '2016-03-15 10:43:46'
System info: host: 'DESKTOP-KERRSTN', ip: '10.1.10.242', os.name: 'Windows 10', os.arch: 'x86', os.version: '10.0', java.version: '1.8.0_201'
Driver info: org.openqa.selenium.chrome.ChromeDriver
at org.openqa.selenium.remote.ErrorHandler.createThrowable(ErrorHandler.java:206)
at org.openqa.selenium.remote.ErrorHandler.throwIfResponseFailed(ErrorHandler.java:158)
at org.openqa.selenium.remote.RemoteWebDriver.execute(RemoteWebDriver.java:678)
at org.openqa.selenium.remote.RemoteWebDriver.startSession(RemoteWebDriver.java:249)
at org.openqa.selenium.remote.RemoteWebDriver.<init>(RemoteWebDriver.java:131)
at org.openqa.selenium.remote.RemoteWebDriver.<init>(RemoteWebDriver.java:144)
at org.openqa.selenium.chrome.ChromeDriver.<init>(ChromeDriver.java:170)
at org.openqa.selenium.chrome.ChromeDriver.<init>(ChromeDriver.java:159)
at org.openqa.selenium.chrome.ChromeDriver.<init>(ChromeDriver.java:116)
at com.apex.testng.my_selenium_testng_tests.GmailLoginAccount.beforeTest(GmailLoginAccount.java:23)
... Removed 28 stack frames]]>
    </failure>
  </testcase> <!-- @BeforeTest beforeTest -->
  <testcase name="@BeforeMethod loginTest" time="0.0" classname="com.apex.testng.my_selenium_testng_tests.EcommerceBaseClass">
    <skipped/>
  </testcase> <!-- @BeforeMethod loginTest -->
  <testcase name="@AfterMethod endTest" time="0.0" classname="com.apex.testng.my_selenium_testng_tests.EcommerceBaseClass">
    <skipped/>
  </testcase> <!-- @AfterMethod endTest -->
  <testcase name="@BeforeMethod loginTest" time="0.0" classname="com.apex.testng.my_selenium_testng_tests.EcommerceBaseClass">
    <skipped/>
  </testcase> <!-- @BeforeMethod loginTest -->
  <testcase name="@AfterMethod endTest" time="0.0" classname="com.apex.testng.my_selenium_testng_tests.EcommerceBaseClass">
    <skipped/>
  </testcase> <!-- @AfterMethod endTest -->
  <testcase name="@BeforeMethod loginTest" time="0.0" classname="com.apex.testng.my_selenium_testng_tests.EcommerceBaseClass">
    <skipped/>
  </testcase> <!-- @BeforeMethod loginTest -->
  <testcase name="@AfterMethod endTest" time="0.0" classname="com.apex.testng.my_selenium_testng_tests.EcommerceBaseClass">
    <skipped/>
  </testcase> <!-- @AfterMethod endTest -->
  <testcase name="@BeforeMethod loginTest" time="0.0" classname="com.apex.testng.my_selenium_testng_tests.EcommerceBaseClass">
    <skipped/>
  </testcase> <!-- @BeforeMethod loginTest -->
  <testcase name="@AfterMethod endTest" time="0.0" classname="com.apex.testng.my_selenium_testng_tests.EcommerceBaseClass">
    <skipped/>
  </testcase> <!-- @AfterMethod endTest -->
  <testcase name="@BeforeMethod loginTest" time="0.0" classname="com.apex.testng.my_selenium_testng_tests.EcommerceBaseClass">
    <skipped/>
  </testcase> <!-- @BeforeMethod loginTest -->
  <testcase name="@AfterMethod endTest" time="0.0" classname="com.apex.testng.my_selenium_testng_tests.EcommerceBaseClass">
    <skipped/>
  </testcase> <!-- @AfterMethod endTest -->
  <testcase name="@BeforeMethod loginTest" time="0.0" classname="com.apex.testng.my_selenium_testng_tests.EcommerceBaseClass">
    <skipped/>
  </testcase> <!-- @BeforeMethod loginTest -->
  <testcase name="@AfterMethod endTest" time="0.0" classname="com.apex.testng.my_selenium_testng_tests.EcommerceBaseClass">
    <skipped/>
  </testcase> <!-- @AfterMethod endTest -->
  <testcase name="@BeforeMethod loginTest" time="0.0" classname="com.apex.testng.my_selenium_testng_tests.EcommerceBaseClass">
    <skipped/>
  </testcase> <!-- @BeforeMethod loginTest -->
  <testcase name="@AfterMethod endTest" time="0.0" classname="com.apex.testng.my_selenium_testng_tests.EcommerceBaseClass">
    <skipped/>
  </testcase> <!-- @AfterMethod endTest -->
  <testcase name="@BeforeMethod loginTest" time="0.0" classname="com.apex.testng.my_selenium_testng_tests.EcommerceBaseClass">
    <skipped/>
  </testcase> <!-- @BeforeMethod loginTest -->
  <testcase name="@AfterMethod endTest" time="0.0" classname="com.apex.testng.my_selenium_testng_tests.EcommerceBaseClass">
    <skipped/>
  </testcase> <!-- @AfterMethod endTest -->
  <testcase name="@BeforeMethod loginTest" time="0.0" classname="com.apex.testng.my_selenium_testng_tests.EcommerceBaseClass">
    <skipped/>
  </testcase> <!-- @BeforeMethod loginTest -->
  <testcase name="@AfterMethod endTest" time="0.0" classname="com.apex.testng.my_selenium_testng_tests.EcommerceBaseClass">
    <skipped/>
  </testcase> <!-- @AfterMethod endTest -->
  <testcase name="@BeforeMethod loginTest" time="0.0" classname="com.apex.testng.my_selenium_testng_tests.EcommerceBaseClass">
    <skipped/>
  </testcase> <!-- @BeforeMethod loginTest -->
  <testcase name="@AfterMethod endTest" time="0.0" classname="com.apex.testng.my_selenium_testng_tests.EcommerceBaseClass">
    <skipped/>
  </testcase> <!-- @AfterMethod endTest -->
  <testcase name="@BeforeMethod loginTest" time="0.0" classname="com.apex.testng.my_selenium_testng_tests.EcommerceBaseClass">
    <skipped/>
  </testcase> <!-- @BeforeMethod loginTest -->
  <testcase name="@AfterMethod endTest" time="0.0" classname="com.apex.testng.my_selenium_testng_tests.EcommerceBaseClass">
    <skipped/>
  </testcase> <!-- @AfterMethod endTest -->
  <testcase name="@BeforeMethod loginTest" time="0.0" classname="com.apex.testng.my_selenium_testng_tests.EcommerceBaseClass">
    <skipped/>
  </testcase> <!-- @BeforeMethod loginTest -->
  <testcase name="@AfterMethod endTest" time="0.0" classname="com.apex.testng.my_selenium_testng_tests.EcommerceBaseClass">
    <skipped/>
  </testcase> <!-- @AfterMethod endTest -->
  <testcase name="@BeforeMethod loginTest" time="0.0" classname="com.apex.testng.my_selenium_testng_tests.EcommerceBaseClass">
    <skipped/>
  </testcase> <!-- @BeforeMethod loginTest -->
  <testcase name="@AfterMethod endTest" time="0.0" classname="com.apex.testng.my_selenium_testng_tests.EcommerceBaseClass">
    <skipped/>
  </testcase> <!-- @AfterMethod endTest -->
  <testcase name="@BeforeMethod loginTest" time="0.0" classname="com.apex.testng.my_selenium_testng_tests.EcommerceBaseClass">
    <skipped/>
  </testcase> <!-- @BeforeMethod loginTest -->
  <testcase name="@AfterMethod endTest" time="0.0" classname="com.apex.testng.my_selenium_testng_tests.EcommerceBaseClass">
    <skipped/>
  </testcase> <!-- @AfterMethod endTest -->
  <testcase name="@BeforeMethod loginTest" time="0.0" classname="com.apex.testng.my_selenium_testng_tests.EcommerceBaseClass">
    <skipped/>
  </testcase> <!-- @BeforeMethod loginTest -->
  <testcase name="@AfterMethod endTest" time="0.0" classname="com.apex.testng.my_selenium_testng_tests.EcommerceBaseClass">
    <skipped/>
  </testcase> <!-- @AfterMethod endTest -->
  <testcase name="@BeforeMethod loginTest" time="0.0" classname="com.apex.testng.my_selenium_testng_tests.EcommerceSignupBaseClass">
    <skipped/>
  </testcase> <!-- @BeforeMethod loginTest -->
  <testcase name="@AfterMethod endTest" time="0.0" classname="com.apex.testng.my_selenium_testng_tests.EcommerceSignupBaseClass">
    <skipped/>
  </testcase> <!-- @AfterMethod endTest -->
  <testcase name="@BeforeMethod loginTest" time="0.0" classname="com.apex.testng.my_selenium_testng_tests.EcommerceSignupBaseClass">
    <skipped/>
  </testcase> <!-- @BeforeMethod loginTest -->
  <testcase name="@AfterMethod endTest" time="0.0" classname="com.apex.testng.my_selenium_testng_tests.EcommerceSignupBaseClass">
    <skipped/>
  </testcase> <!-- @AfterMethod endTest -->
  <testcase name="@BeforeMethod loginTest" time="0.0" classname="com.apex.testng.my_selenium_testng_tests.EcommerceBaseClass">
    <skipped/>
  </testcase> <!-- @BeforeMethod loginTest -->
  <testcase name="@AfterMethod endTest" time="0.0" classname="com.apex.testng.my_selenium_testng_tests.EcommerceBaseClass">
    <skipped/>
  </testcase> <!-- @AfterMethod endTest -->
  <testcase name="@BeforeMethod loginTest" time="0.0" classname="com.apex.testng.my_selenium_testng_tests.EcommerceBaseClass">
    <skipped/>
  </testcase> <!-- @BeforeMethod loginTest -->
  <testcase name="@AfterMethod endTest" time="0.0" classname="com.apex.testng.my_selenium_testng_tests.EcommerceBaseClass">
    <skipped/>
  </testcase> <!-- @AfterMethod endTest -->
  <testcase name="@BeforeMethod loginTest" time="0.0" classname="com.apex.testng.my_selenium_testng_tests.EcommerceBaseClass">
    <skipped/>
  </testcase> <!-- @BeforeMethod loginTest -->
  <testcase name="@AfterMethod endTest" time="0.0" classname="com.apex.testng.my_selenium_testng_tests.EcommerceBaseClass">
    <skipped/>
  </testcase> <!-- @AfterMethod endTest -->
  <testcase name="@BeforeMethod loginTest" time="0.0" classname="com.apex.testng.my_selenium_testng_tests.EcommerceBaseClass">
    <skipped/>
  </testcase> <!-- @BeforeMethod loginTest -->
  <testcase name="@AfterMethod endTest" time="0.0" classname="com.apex.testng.my_selenium_testng_tests.EcommerceBaseClass">
    <skipped/>
  </testcase> <!-- @AfterMethod endTest -->
  <testcase name="@BeforeMethod loginTest" time="0.0" classname="com.apex.testng.my_selenium_testng_tests.EcommerceBaseClass">
    <skipped/>
  </testcase> <!-- @BeforeMethod loginTest -->
  <testcase name="@AfterMethod endTest" time="0.0" classname="com.apex.testng.my_selenium_testng_tests.EcommerceBaseClass">
    <skipped/>
  </testcase> <!-- @AfterMethod endTest -->
  <testcase name="@BeforeMethod loginTest" time="0.0" classname="com.apex.testng.my_selenium_testng_tests.EcommerceBaseClass">
    <skipped/>
  </testcase> <!-- @BeforeMethod loginTest -->
  <testcase name="@AfterMethod endTest" time="0.0" classname="com.apex.testng.my_selenium_testng_tests.EcommerceBaseClass">
    <skipped/>
  </testcase> <!-- @AfterMethod endTest -->
  <testcase name="@BeforeMethod loginTest" time="0.0" classname="com.apex.testng.my_selenium_testng_tests.EcommerceBaseClass">
    <skipped/>
  </testcase> <!-- @BeforeMethod loginTest -->
  <testcase name="@AfterMethod endTest" time="0.0" classname="com.apex.testng.my_selenium_testng_tests.EcommerceBaseClass">
    <skipped/>
  </testcase> <!-- @AfterMethod endTest -->
  <testcase name="@BeforeMethod loginTest" time="0.0" classname="com.apex.testng.my_selenium_testng_tests.EcommerceBaseClass">
    <skipped/>
  </testcase> <!-- @BeforeMethod loginTest -->
  <testcase name="@AfterMethod endTest" time="0.0" classname="com.apex.testng.my_selenium_testng_tests.EcommerceBaseClass">
    <skipped/>
  </testcase> <!-- @AfterMethod endTest -->
  <testcase name="@BeforeMethod loginTest" time="0.0" classname="com.apex.testng.my_selenium_testng_tests.EcommerceBaseClass">
    <skipped/>
  </testcase> <!-- @BeforeMethod loginTest -->
  <testcase name="@AfterMethod endTest" time="0.0" classname="com.apex.testng.my_selenium_testng_tests.EcommerceBaseClass">
    <skipped/>
  </testcase> <!-- @AfterMethod endTest -->
  <testcase name="@BeforeMethod loginTest" time="0.0" classname="com.apex.testng.my_selenium_testng_tests.EcommerceBaseClass">
    <skipped/>
  </testcase> <!-- @BeforeMethod loginTest -->
  <testcase name="@AfterMethod endTest" time="0.0" classname="com.apex.testng.my_selenium_testng_tests.EcommerceBaseClass">
    <skipped/>
  </testcase> <!-- @AfterMethod endTest -->
  <testcase name="myWishList" time="0.0" classname="com.apex.testng.my_selenium_testng_tests.EcommerceWishList">
    <skipped/>
  </testcase> <!-- myWishList -->
  <testcase name="firstNameTextBox" time="0.0" classname="com.apex.testng.my_selenium_testng_tests.GmailLoginAccount">
    <skipped/>
  </testcase> <!-- firstNameTextBox -->
  <testcase name="loginUser" time="0.0" classname="com.apex.testng.my_selenium_testng_tests.NewTest">
    <skipped/>
  </testcase> <!-- loginUser -->
  <testcase name="loginUser" time="0.0" classname="com.apex.testng.my_selenium_testng_tests.NewTest">
    <skipped/>
  </testcase> <!-- loginUser -->
  <testcase name="loginUser" time="0.0" classname="com.apex.testng.my_selenium_testng_tests.NewTest">
    <skipped/>
  </testcase> <!-- loginUser -->
  <testcase name="loginUser" time="0.0" classname="com.apex.testng.my_selenium_testng_tests.NewTest">
    <skipped/>
  </testcase> <!-- loginUser -->
  <testcase name="loginUser" time="0.0" classname="com.apex.testng.my_selenium_testng_tests.NewTest">
    <skipped/>
  </testcase> <!-- loginUser -->
  <testcase name="loginWithBlank" time="0.0" classname="com.apex.testng.my_selenium_testng_tests.EcommerceUserloginPageNew">
    <skipped/>
  </testcase> <!-- loginWithBlank -->
  <testcase name="loginWithBlank" time="0.0" classname="com.apex.testng.my_selenium_testng_tests.EcommerceUserloginPageNew">
    <skipped/>
  </testcase> <!-- loginWithBlank -->
  <testcase name="loginWithBlank" time="0.0" classname="com.apex.testng.my_selenium_testng_tests.EcommerceUserloginPageNew">
    <skipped/>
  </testcase> <!-- loginWithBlank -->
  <testcase name="loginWithBlank" time="0.0" classname="com.apex.testng.my_selenium_testng_tests.EcommerceUserloginPageNew">
    <skipped/>
  </testcase> <!-- loginWithBlank -->
  <testcase name="loginWithBlank" time="0.0" classname="com.apex.testng.my_selenium_testng_tests.EcommerceUserloginPageNew">
    <skipped/>
  </testcase> <!-- loginWithBlank -->
  <testcase name="loginWithBlank" time="0.0" classname="com.apex.testng.my_selenium_testng_tests.EcommerceUserloginPageNew">
    <skipped/>
  </testcase> <!-- loginWithBlank -->
  <testcase name="loginWithBlank" time="0.0" classname="com.apex.testng.my_selenium_testng_tests.EcommerceUserloginPageNew">
    <skipped/>
  </testcase> <!-- loginWithBlank -->
  <testcase name="loginWithBlank" time="0.0" classname="com.apex.testng.my_selenium_testng_tests.EcommerceUserloginPageNew">
    <skipped/>
  </testcase> <!-- loginWithBlank -->
  <testcase name="loginWithBlank" time="0.0" classname="com.apex.testng.my_selenium_testng_tests.EcommerceUserloginPageNew">
    <skipped/>
  </testcase> <!-- loginWithBlank -->
  <testcase name="signupPage" time="0.0" classname="com.apex.testng.my_selenium_testng_tests.EcommerceSignupPage">
    <skipped/>
  </testcase> <!-- signupPage -->
  <testcase name="signupPage" time="0.0" classname="com.apex.testng.my_selenium_testng_tests.EcommerceSignupPage">
    <skipped/>
  </testcase> <!-- signupPage -->
  <testcase name="checkLostPassword" time="0.0" classname="com.apex.testng.my_selenium_testng_tests.EcommerceUserLostpassword">
    <skipped/>
  </testcase> <!-- checkLostPassword -->
  <testcase name="lostPasswordClick" time="0.0" classname="com.apex.testng.my_selenium_testng_tests.EcommerceUserLostpassword">
    <skipped/>
  </testcase> <!-- lostPasswordClick -->
  <testcase name="lostPasswordSendInvalidMail1" time="0.0" classname="com.apex.testng.my_selenium_testng_tests.EcommerceUserLostpassword">
    <skipped/>
  </testcase> <!-- lostPasswordSendInvalidMail1 -->
  <testcase name="lostPasswordSendInvalidMail2" time="0.0" classname="com.apex.testng.my_selenium_testng_tests.EcommerceUserLostpassword">
    <skipped/>
  </testcase> <!-- lostPasswordSendInvalidMail2 -->
  <testcase name="lostPasswordSendMail" time="0.0" classname="com.apex.testng.my_selenium_testng_tests.EcommerceUserLostpassword">
    <skipped/>
  </testcase> <!-- lostPasswordSendMail -->
  <testcase name="firstName" time="0.0" classname="com.apex.testng.my_selenium_testng_tests.FacebookSignupAccount">
    <skipped/>
  </testcase> <!-- firstName -->
  <testcase name="loginWithBlank" time="0.0" classname="com.apex.testng.my_selenium_testng_tests.EcommerceUserloginPage">
    <skipped/>
  </testcase> <!-- loginWithBlank -->
  <testcase name="loginWithBlankUserId" time="0.0" classname="com.apex.testng.my_selenium_testng_tests.EcommerceUserloginPage">
    <skipped/>
  </testcase> <!-- loginWithBlankUserId -->
  <testcase name="loginWithBlankPassword" time="0.0" classname="com.apex.testng.my_selenium_testng_tests.EcommerceUserloginPage">
    <skipped/>
  </testcase> <!-- loginWithBlankPassword -->
  <testcase name="loginWithInvalidCredentials" time="0.0" classname="com.apex.testng.my_selenium_testng_tests.EcommerceUserloginPage">
    <skipped/>
  </testcase> <!-- loginWithInvalidCredentials -->
  <testcase name="loginWithValidCredentials" time="0.0" classname="com.apex.testng.my_selenium_testng_tests.EcommerceUserloginPage">
    <skipped/>
  </testcase> <!-- loginWithValidCredentials -->
</testsuite> <!-- Test -->
